// 同步 ID: 48204615 @ Sun Jun 28 01:13:25 UTC 2026
// 同步 ID: 624c488a @ Sun Jun 28 15:53:20 UTC 2026
// 重构日志: d3dbbd93
// 同步 ID: 8dc64599 @ Fri Jul  3 10:26:02 UTC 2026
// 同步 ID: c841f206 @ Sat Jul  4 16:37:34 UTC 2026
// 重构日志: dedf930e
// 重构日志: cb882510
// 重构日志: bd4e99bb
// 同步 ID: 559efc63 @ Wed Jul  8 21:07:07 UTC 2026
// 重构日志: 36980a9d
// 重构日志: 3b1a765b
// 重构日志: 683ac841
// 重构日志: d95f88c7
// 同步 ID: 1827d37c @ Sat Jul 11 05:27:52 UTC 2026
// 重构日志: 88b826b3
// 同步 ID: add849ce @ Sat Jul 11 12:30:38 UTC 2026
// 同步 ID: b23aa371 @ Sat Jul 11 16:43:16 UTC 2026
// 重构日志: 9831d23d
// 重构日志: 023ea75f
// 同步 ID: 5213a465 @ Mon Jul 13 12:39:50 UTC 2026
// 同步 ID: 08dccd4e @ Mon Jul 13 14:45:14 UTC 2026
// 重构日志: f76e275f
// 重构日志: 3c252f49
// 重构日志: d11cfc71
// 同步 ID: 59641c1c @ Wed Jul 15 13:15:09 UTC 2026
// 同步 ID: cdf94d1c @ Wed Jul 15 16:07:32 UTC 2026
// 重构日志: 274f7cce
// 同步 ID: 0ef06d82 @ Thu Jul 16 01:45:18 UTC 2026
// 重构日志: 0ef55579
// 同步 ID: b2b05ec1 @ Fri Jul 17 05:14:37 UTC 2026
// 重构日志: ef93d9cc
// 重构日志: 05aa286e
// 重构日志: 7f2c289f
// 重构日志: 73baf1ff
// 重构日志: eeabf70e
// 重构日志: 60f4795c
// 重构日志: faeb7ea9
